The following modules were not unloaded:
  (Use "module --force purge" to unload all):

  1) releases/2021b   2) tis/2018.01

 Strong scaling experiment start (hybrid)
 ----------------------------------------
        Time: Sat Dec 21 18:34:46 CET 2024
      Job id: 8046580
       Nodes: nic5-w073
 Max threads: 8
 ---------------------------------------


 +----------------------------------------------------+
 | Strong scaling with  2 threads                     |
 +------------+-----------------+---------------------+
 | Num. ranks | Time (from app) | Time (time command) |
 +------------+-----------------+---------------------+
 |          1 |          10.073 |              11.710 |
 |          2 |           5.068 |               6.830 |
 |          4 |           2.575 |               4.360 |
 |          8 |           1.306 |               3.170 |
 |         16 |           0.662 |               2.640 |
 |         32 |           0.346 |               2.720 |
 +------------+-----------------+---------------------+


 +----------------------------------------------------+
 | Strong scaling with  4 threads                     |
 +------------+-----------------+---------------------+
 | Num. ranks | Time (from app) | Time (time command) |
 +------------+-----------------+---------------------+
 |          1 |           5.353 |               6.970 |
 |          2 |           2.580 |               4.340 |
 |          4 |           1.296 |               3.090 |
 |          8 |           0.664 |               2.520 |
 |         16 |           0.353 |               2.330 |
 +------------+-----------------+---------------------+


 +----------------------------------------------------+
 | Strong scaling with  8 threads                     |
 +------------+-----------------+---------------------+
 | Num. ranks | Time (from app) | Time (time command) |
 +------------+-----------------+---------------------+
 |          1 |           2.582 |               4.180 |
 |          2 |           1.347 |               3.090 |
 |          4 |           0.711 |               2.500 |
 |          8 |           0.400 |               2.250 |
 +------------+-----------------+---------------------+


 -----------------------------
 End Time: Sat Dec 21 18:35:49 CET 2024
 -----------------------------
 Strong scaling experiment end
