The following modules were not unloaded:
  (Use "module --force purge" to unload all):

  1) releases/2021b   2) tis/2018.01

 Strong scaling experiment start (OpenMP)
 ----------------------------------------
        Time: Thu Jan  9 17:04:54 CET 2025
      Job id: 8118665
       Nodes: nic5-w073
 Max threads: 64
 ---------------------------------------


 +------------------------------------------------------+
 | Strong scaling with OMP_PROC_BIND =  close           |
 +--------------+-----------------+---------------------+
 | Num. threads | Time (from app) | Time (time command) |
 +--------------+-----------------+---------------------+
 |            1 |          20.378 |              20.400 |
 |            2 |          10.282 |              10.300 |
 |            4 |           5.551 |               5.560 |
 |            8 |           2.663 |               2.670 |
 |           16 |           1.353 |               1.360 |
 |           32 |           0.776 |               0.780 |
 |           64 |           0.635 |               0.650 |
 +--------------+-----------------+---------------------+


 +------------------------------------------------------+
 | Strong scaling with OMP_PROC_BIND = spread           |
 +--------------+-----------------+---------------------+
 | Num. threads | Time (from app) | Time (time command) |
 +--------------+-----------------+---------------------+
 |            1 |          20.535 |              20.560 |
 |            2 |          10.654 |              10.670 |
 |            4 |           5.242 |               5.250 |
 |            8 |           2.738 |               2.750 |
 |           16 |           1.523 |               1.530 |
 |           32 |           0.904 |               0.910 |
 |           64 |           0.625 |               0.640 |
 +--------------+-----------------+---------------------+


 -----------------------------
 End Time: Thu Jan  9 17:06:18 CET 2025
 -----------------------------
 Strong scaling experiment end
