The following modules were not unloaded:
  (Use "module --force purge" to unload all):

  1) releases/2021b   2) tis/2018.01

 Strong scaling experiment start (OpenMP)
 ----------------------------------------
        Time: Sat Dec 21 22:21:12 CET 2024
      Job id: 8047445
       Nodes: nic5-w073
 Max threads: 64
 ---------------------------------------


 +------------------------------------------------------+
 | Strong scaling with OMP_PROC_BIND =  close           |
 +--------------+-----------------+---------------------+
 | Num. threads | Time (from app) | Time (time command) |
 +--------------+-----------------+---------------------+
 |            1 |           8.893 |               8.920 |
 |            2 |           6.079 |               6.100 |
 |            4 |           5.161 |               5.170 |
 |            8 |           1.804 |               1.810 |
 |           16 |           1.387 |               1.400 |
 |           32 |           1.295 |               1.300 |
 |           64 |           1.385 |               1.400 |
 +--------------+-----------------+---------------------+


 +------------------------------------------------------+
 | Strong scaling with OMP_PROC_BIND = spread           |
 +--------------+-----------------+---------------------+
 | Num. threads | Time (from app) | Time (time command) |
 +--------------+-----------------+---------------------+
 |            1 |           9.076 |               9.100 |
 |            2 |           4.572 |               4.590 |
 |            4 |           2.652 |               2.660 |
 |            8 |           1.896 |               1.910 |
 |           16 |           1.566 |               1.580 |
 |           32 |           1.378 |               1.390 |
 |           64 |           1.384 |               1.400 |
 +--------------+-----------------+---------------------+


 -----------------------------
 End Time: Sat Dec 21 22:22:01 CET 2024
 -----------------------------
 Strong scaling experiment end
