The following modules were not unloaded:
  (Use "module --force purge" to unload all):

  1) releases/2021b   2) tis/2018.01

 Strong scaling experiment start (OpenMP)
 ----------------------------------------
        Time: Fri Dec 20 23:52:09 CET 2024
      Job id: 8042723
       Nodes: nic5-w071
 Max threads: 64
 ---------------------------------------


 +------------------------------------------------------+
 | Strong scaling with OMP_PROC_BIND =  close           |
 +--------------+-----------------+---------------------+
 | Num. threads | Time (from app) | Time (time command) |
 +--------------+-----------------+---------------------+
 |            1 |          21.263 |              21.290 |
 |            2 |          11.175 |              11.190 |
 |            4 |           6.417 |               6.430 |
 |            8 |           3.558 |               3.570 |
 |           16 |           2.253 |               2.260 |
 |           32 |           1.785 |               1.800 |
 |           64 |           1.532 |               1.540 |
 +--------------+-----------------+---------------------+


 +------------------------------------------------------+
 | Strong scaling with OMP_PROC_BIND = spread           |
 +--------------+-----------------+---------------------+
 | Num. threads | Time (from app) | Time (time command) |
 +--------------+-----------------+---------------------+
 |            1 |          21.269 |              21.300 |
 |            2 |          11.418 |              11.430 |
 |            4 |           6.334 |               6.350 |
 |            8 |           3.619 |               3.630 |
 |           16 |           2.431 |               2.440 |
 |           32 |           1.810 |               1.820 |
 |           64 |           1.573 |               1.590 |
 +--------------+-----------------+---------------------+


 -----------------------------
 End Time: Fri Dec 20 23:53:46 CET 2024
 -----------------------------
 Strong scaling experiment end
