The following modules were not unloaded:
  (Use "module --force purge" to unload all):

  1) releases/2021b   2) tis/2018.01

 Strong scaling experiment start (hybrid)
 ----------------------------------------
        Time: Thu Jan  9 16:35:52 CET 2025
      Job id: 8118581
       Nodes: nic5-w073
 Max threads: 8
 ---------------------------------------


 +----------------------------------------------------+
 | Strong scaling with  2 threads                     |
 +------------+-----------------+---------------------+
 | Num. ranks | Time (from app) | Time (time command) |
 +------------+-----------------+---------------------+
 |          1 |           4.783 |               6.410 |
 |          2 |           1.224 |               2.960 |
 |          4 |           0.672 |               2.480 |
 |          8 |           0.350 |               2.210 |
 |         16 |           0.194 |               2.220 |
 |         32 |           0.116 |               2.500 |
 +------------+-----------------+---------------------+


 +----------------------------------------------------+
 | Strong scaling with  4 threads                     |
 +------------+-----------------+---------------------+
 | Num. ranks | Time (from app) | Time (time command) |
 +------------+-----------------+---------------------+
 |          1 |           4.200 |               5.810 |
 |          2 |           0.642 |               2.390 |
 |          4 |           0.357 |               2.150 |
 |          8 |           0.203 |               2.030 |
 |         16 |           0.133 |               2.110 |
 +------------+-----------------+---------------------+


 +----------------------------------------------------+
 | Strong scaling with  8 threads                     |
 +------------+-----------------+---------------------+
 | Num. ranks | Time (from app) | Time (time command) |
 +------------+-----------------+---------------------+
 |          1 |           0.677 |               2.290 |
 |          2 |           0.390 |               2.130 |
 |          4 |           0.247 |               2.010 |
 |          8 |           0.171 |               2.020 |
 +------------+-----------------+---------------------+


 -----------------------------
 End Time: Thu Jan  9 16:36:34 CET 2025
 -----------------------------
 Strong scaling experiment end
