The following modules were not unloaded:
  (Use "module --force purge" to unload all):

  1) releases/2021b   2) tis/2018.01

 Weak scaling experiment start (MPI)
 -----------------------------------
      Time: Sat Dec 21 21:15:21 CET 2024
    Job id: 8047177
     Nodes: nic5-w072
 Max ranks: 64
 ----------------------------------


 +----------------------------------------------------+
 | Weak scaling with processes  close                 |
 +------------+-----------------+---------------------+
 | Num. ranks | Time (from app) | Time (time command) |
 +------------+-----------------+---------------------+
 |          1 |           6.276 |               8.750 |
 |          2 |           6.498 |               8.570 |
 |          4 |          12.999 |              15.260 |
 |          8 |          26.609 |              29.160 |
 |         16 |          54.249 |              56.760 |
 |         32 |          53.961 |              56.770 |
 |         64 |          54.646 |              58.370 |
 +------------+-----------------+---------------------+


 +----------------------------------------------------+
 | Weak scaling with processes spread                 |
 +------------+-----------------+---------------------+
 | Num. ranks | Time (from app) | Time (time command) |
 +------------+-----------------+---------------------+
 |          1 |           6.274 |               8.710 |
 |          2 |           6.499 |               8.630 |
 |          4 |           6.446 |               8.590 |
 |          8 |           6.600 |               8.840 |
 |         16 |           9.579 |              11.710 |
 |         32 |          26.279 |              28.890 |
 |         64 |          54.712 |              58.290 |
 +------------+-----------------+---------------------+


 ---------------------------
 End Time: Sat Dec 21 21:21:28 CET 2024
 ---------------------------
 Weak scaling experiment end
