The following modules were not unloaded:
  (Use "module --force purge" to unload all):

  1) releases/2021b   2) tis/2018.01

 Weak scaling experiment start (hybrid)
 --------------------------------------
        Time: Thu Jan  9 16:37:13 CET 2025
      Job id: 8118587
       Nodes: nic5-w073
 Max threads: 8
 -------------------------------------


 +----------------------------------------------------+
 | Weak scaling with  2 threads                       |
 +------------+-----------------+---------------------+
 | Num. ranks | Time (from app) | Time (time command) |
 +------------+-----------------+---------------------+
 |          1 |          12.889 |              14.520 |
 |          2 |          13.172 |              14.970 |
 |          4 |          26.803 |              28.610 |
 |          8 |          53.710 |              55.620 |
 |         16 |          54.212 |              56.310 |
 |         32 |          54.449 |              56.860 |
 +------------+-----------------+---------------------+


 +----------------------------------------------------+
 | Weak scaling with  4 threads                       |
 +------------+-----------------+---------------------+
 | Num. ranks | Time (from app) | Time (time command) |
 +------------+-----------------+---------------------+
 |          1 |          26.608 |              28.220 |
 |          2 |          26.895 |              28.670 |
 |          4 |          54.525 |              56.360 |
 |          8 |          54.212 |              56.130 |
 |         16 |          55.002 |              57.600 |
 +------------+-----------------+---------------------+


 +----------------------------------------------------+
 | Weak scaling with  8 threads                       |
 +------------+-----------------+---------------------+
 | Num. ranks | Time (from app) | Time (time command) |
 +------------+-----------------+---------------------+
 |          1 |          53.929 |              55.610 |
 |          2 |          54.235 |              56.020 |
 |          4 |          54.557 |              56.410 |
 |          8 |          55.360 |              57.230 |
 +------------+-----------------+---------------------+


 ---------------------------
 End Time: Thu Jan  9 16:48:32 CET 2025
 ---------------------------
 Weak scaling experiment end
