The following modules were not unloaded:
  (Use "module --force purge" to unload all):

  1) releases/2021b   2) tis/2018.01

 Weak scaling experiment start (hybrid)
 --------------------------------------
        Time: Sat Jan 11 12:58:36 CET 2025
      Job id: 8128938
       Nodes: nic5-w072
 Max threads: 8
 -------------------------------------


 +----------------------------------------------------+
 | Weak scaling with  2 threads                       |
 +------------+-----------------+---------------------+
 | Num. ranks | Time (from app) | Time (time command) |
 +------------+-----------------+---------------------+
 |          1 |           9.282 |              11.750 |
 |          2 |           9.465 |              11.500 |
 |          4 |          19.167 |              21.250 |
 |          8 |          38.408 |              40.680 |
 |         16 |          38.821 |              41.040 |
 |         32 |          39.043 |              41.550 |
 +------------+-----------------+---------------------+


 +----------------------------------------------------+
 | Weak scaling with  4 threads                       |
 +------------+-----------------+---------------------+
 | Num. ranks | Time (from app) | Time (time command) |
 +------------+-----------------+---------------------+
 |          1 |          19.152 |              21.240 |
 |          2 |          19.296 |              21.310 |
 |          4 |          38.763 |              40.870 |
 |          8 |          38.949 |              41.250 |
 |         16 |          39.375 |              41.510 |
 +------------+-----------------+---------------------+


 +----------------------------------------------------+
 | Weak scaling with  8 threads                       |
 +------------+-----------------+---------------------+
 | Num. ranks | Time (from app) | Time (time command) |
 +------------+-----------------+---------------------+
 |          1 |          38.644 |              41.030 |
 |          2 |          38.949 |              41.040 |
 |          4 |          39.291 |              41.410 |
 |          8 |          39.290 |              41.460 |
 +------------+-----------------+---------------------+


 ---------------------------
 End Time: Sat Jan 11 13:06:55 CET 2025
 ---------------------------
 Weak scaling experiment end
