The following modules were not unloaded:
  (Use "module --force purge" to unload all):

  1) releases/2021b   2) tis/2018.01

 Weak scaling experiment start (OpenMP)
 --------------------------------------
        Time: Sat Jan 11 13:14:26 CET 2025
      Job id: 8128943
       Nodes: nic5-w073
 Max threads: 64
 -------------------------------------


 +------------------------------------------------------+
 | Weak scaling with OMP_PROC_BIND =  close             |
 +--------------+-----------------+---------------------+
 | Num. threads | Time (from app) | Time (time command) |
 +--------------+-----------------+---------------------+
 |            1 |           5.656 |               5.740 |
 |            2 |          12.324 |              12.460 |
 |            4 |          23.632 |              23.920 |
 |            8 |          46.894 |              47.400 |
 |           16 |          93.965 |              94.970 |
 |           32 |         188.193 |             190.130 |
 |           64 |         378.519 |             382.160 |
 +--------------+-----------------+---------------------+


 +------------------------------------------------------+
 | Weak scaling with OMP_PROC_BIND = spread             |
 +--------------+-----------------+---------------------+
 | Num. threads | Time (from app) | Time (time command) |
 +--------------+-----------------+---------------------+
 |            1 |           5.765 |               5.850 |
 |            2 |          12.342 |              12.480 |
 |            4 |          23.676 |              23.940 |
 |            8 |          46.909 |              47.420 |
 |           16 |          93.828 |              94.820 |
 |           32 |         187.568 |             189.480 |
 |           64 |         377.974 |             381.670 |
 +--------------+-----------------+---------------------+


 ---------------------------
 End Time: Sat Jan 11 13:39:38 CET 2025
 ---------------------------
 Weak scaling experiment end
