The following modules were not unloaded:
  (Use "module --force purge" to unload all):

  1) releases/2021b   2) tis/2018.01

 Weak scaling experiment start (hybrid)
 --------------------------------------
        Time: Sat Jan 11 12:58:20 CET 2025
      Job id: 8128937
       Nodes: nic5-w073
 Max threads: 8
 -------------------------------------


 +----------------------------------------------------+
 | Weak scaling with  2 threads                       |
 +------------+-----------------+---------------------+
 | Num. ranks | Time (from app) | Time (time command) |
 +------------+-----------------+---------------------+
 |          1 |          14.427 |              16.050 |
 |          2 |          14.555 |              16.340 |
 |          4 |          19.210 |              21.010 |
 |          8 |          38.412 |              40.320 |
 |         16 |          38.721 |              40.790 |
 |         32 |          39.057 |              41.460 |
 +------------+-----------------+---------------------+


 +----------------------------------------------------+
 | Weak scaling with  4 threads                       |
 +------------+-----------------+---------------------+
 | Num. ranks | Time (from app) | Time (time command) |
 +------------+-----------------+---------------------+
 |          1 |          19.225 |              20.870 |
 |          2 |          19.722 |              21.500 |
 |          4 |          38.834 |              40.660 |
 |          8 |          39.124 |              41.030 |
 |         16 |          39.068 |              41.080 |
 +------------+-----------------+---------------------+


 +----------------------------------------------------+
 | Weak scaling with  8 threads                       |
 +------------+-----------------+---------------------+
 | Num. ranks | Time (from app) | Time (time command) |
 +------------+-----------------+---------------------+
 |          1 |          38.819 |              40.470 |
 |          2 |          38.854 |              40.650 |
 |          4 |          39.070 |              40.940 |
 |          8 |          39.428 |              41.340 |
 +------------+-----------------+---------------------+


 ---------------------------
 End Time: Sat Jan 11 13:06:45 CET 2025
 ---------------------------
 Weak scaling experiment end
