The following modules were not unloaded:
  (Use "module --force purge" to unload all):

  1) releases/2021b   2) tis/2018.01

 Weak scaling experiment start (MPI)
 -----------------------------------
      Time: Sat Jan 11 13:07:12 CET 2025
    Job id: 8128941
     Nodes: nic5-w072
 Max ranks: 64
 ----------------------------------


 +----------------------------------------------------+
 | Weak scaling with processes  close                 |
 +------------+-----------------+---------------------+
 | Num. ranks | Time (from app) | Time (time command) |
 +------------+-----------------+---------------------+
 |          1 |           4.555 |               6.980 |
 |          2 |           4.622 |               6.710 |
 |          4 |           9.281 |              11.430 |
 |          8 |          18.914 |              21.360 |
 |         16 |          38.666 |              41.130 |
 |         32 |          38.466 |              41.270 |
 |         64 |          38.765 |              42.290 |
 +------------+-----------------+---------------------+


 +----------------------------------------------------+
 | Weak scaling with processes spread                 |
 +------------+-----------------+---------------------+
 | Num. ranks | Time (from app) | Time (time command) |
 +------------+-----------------+---------------------+
 |          1 |           4.528 |               6.710 |
 |          2 |           4.642 |               6.680 |
 |          4 |           4.616 |               6.740 |
 |          8 |           4.677 |               6.920 |
 |         16 |           6.788 |               8.920 |
 |         32 |          18.907 |              21.500 |
 |         64 |          39.080 |              42.480 |
 +------------+-----------------+---------------------+


 ---------------------------
 End Time: Sat Jan 11 13:11:43 CET 2025
 ---------------------------
 Weak scaling experiment end
