The following modules were not unloaded:
  (Use "module --force purge" to unload all):

  1) releases/2021b   2) tis/2018.01

 Weak scaling experiment start (OpenMP)
 --------------------------------------
        Time: Sat Jan 11 14:18:18 CET 2025
      Job id: 8128944
       Nodes: nic5-w072
 Max threads: 64
 -------------------------------------


 +------------------------------------------------------+
 | Weak scaling with OMP_PROC_BIND =  close             |
 +--------------+-----------------+---------------------+
 | Num. threads | Time (from app) | Time (time command) |
 +--------------+-----------------+---------------------+
 |            1 |           5.649 |               5.750 |
 |            2 |          12.305 |              12.450 |
 |            4 |          23.457 |              23.720 |
 |            8 |          46.466 |              46.980 |
 |           16 |          94.220 |              95.230 |
 |           32 |         187.332 |             189.240 |
 |           64 |         376.370 |             380.100 |
 +--------------+-----------------+---------------------+


 +------------------------------------------------------+
 | Weak scaling with OMP_PROC_BIND = spread             |
 +--------------+-----------------+---------------------+
 | Num. threads | Time (from app) | Time (time command) |
 +--------------+-----------------+---------------------+
 |            1 |           5.742 |               5.820 |
 |            2 |          12.156 |              12.290 |
 |            4 |          23.589 |              23.860 |
 |            8 |          46.443 |              46.950 |
 |           16 |          93.690 |              94.680 |
 |           32 |         188.090 |             189.940 |
 |           64 |         374.671 |             378.640 |
 +--------------+-----------------+---------------------+


 ---------------------------
 End Time: Sat Jan 11 14:43:24 CET 2025
 ---------------------------
 Weak scaling experiment end
