The following modules were not unloaded:
  (Use "module --force purge" to unload all):

  1) releases/2021b   2) tis/2018.01

 Strong scaling experiment start (OpenMP)
 ----------------------------------------
        Time: Sat Jan 11 12:43:34 CET 2025
      Job id: 8128914
       Nodes: nic5-w072
 Max threads: 64
 ---------------------------------------


 +------------------------------------------------------+
 | Strong scaling with OMP_PROC_BIND =  close           |
 +--------------+-----------------+---------------------+
 | Num. threads | Time (from app) | Time (time command) |
 +--------------+-----------------+---------------------+
 |            1 |           5.841 |               5.870 |
 |            2 |           3.767 |               3.780 |
 |            4 |           3.103 |               3.110 |
 |            8 |           0.629 |               0.640 |
 |           16 |           0.374 |               0.380 |
 |           32 |           0.260 |               0.270 |
 |           64 |           0.351 |               0.360 |
 +--------------+-----------------+---------------------+


 +------------------------------------------------------+
 | Strong scaling with OMP_PROC_BIND = spread           |
 +--------------+-----------------+---------------------+
 | Num. threads | Time (from app) | Time (time command) |
 +--------------+-----------------+---------------------+
 |            1 |           5.850 |               5.880 |
 |            2 |           2.646 |               2.660 |
 |            4 |           1.252 |               1.260 |
 |            8 |           0.722 |               0.980 |
 |           16 |           0.474 |               0.490 |
 |           32 |           0.444 |               0.450 |
 |           64 |           0.333 |               0.340 |
 +--------------+-----------------+---------------------+


 -----------------------------
 End Time: Sat Jan 11 12:44:01 CET 2025
 -----------------------------
 Strong scaling experiment end
