The following modules were not unloaded:
  (Use "module --force purge" to unload all):

  1) releases/2021b   2) tis/2018.01

 Strong scaling experiment start (MPI)
 -------------------------------------
      Time: Sat Jan 11 12:42:43 CET 2025
    Job id: 8128912
     Nodes: nic5-w072
 Max ranks: 64
 ------------------------------------


 +----------------------------------------------------+
 | Strong scaling with processes  close               |
 +------------+-----------------+---------------------+
 | Num. ranks | Time (from app) | Time (time command) |
 +------------+-----------------+---------------------+
 |          1 |           4.483 |               7.260 |
 |          2 |           1.733 |               3.730 |
 |          4 |           0.907 |               2.970 |
 |          8 |           0.464 |               2.650 |
 |         16 |           0.247 |               2.390 |
 |         32 |           0.132 |               2.620 |
 |         64 |           0.073 |               3.210 |
 +------------+-----------------+---------------------+


 +----------------------------------------------------+
 | Strong scaling with processes spread               |
 +------------+-----------------+---------------------+
 | Num. ranks | Time (from app) | Time (time command) |
 +------------+-----------------+---------------------+
 |          1 |           4.503 |               6.800 |
 |          2 |           1.719 |               3.700 |
 |          4 |           0.902 |               2.900 |
 |          8 |           0.453 |               2.610 |
 |         16 |           0.248 |               2.330 |
 |         32 |           0.131 |               2.580 |
 |         64 |           0.072 |               3.330 |
 +------------+-----------------+---------------------+


 -----------------------------
 End Time: Sat Jan 11 12:43:33 CET 2025
 -----------------------------
 Strong scaling experiment end
