The following modules were not unloaded:
  (Use "module --force purge" to unload all):

  1) releases/2021b   2) tis/2018.01

 Strong scaling experiment start (hybrid)
 ----------------------------------------
        Time: Sat Jan 11 12:41:52 CET 2025
      Job id: 8128910
       Nodes: nic5-w073
 Max threads: 8
 ---------------------------------------


 +----------------------------------------------------+
 | Strong scaling with  2 threads                     |
 +------------+-----------------+---------------------+
 | Num. ranks | Time (from app) | Time (time command) |
 +------------+-----------------+---------------------+
 |          1 |           7.225 |               8.850 |
 |          2 |           3.630 |               5.400 |
 |          4 |           1.845 |               3.630 |
 |          8 |           0.934 |               2.780 |
 |         16 |           0.475 |               2.500 |
 |         32 |           0.249 |               2.640 |
 +------------+-----------------+---------------------+


 +----------------------------------------------------+
 | Strong scaling with  4 threads                     |
 +------------+-----------------+---------------------+
 | Num. ranks | Time (from app) | Time (time command) |
 +------------+-----------------+---------------------+
 |          1 |           3.859 |               5.470 |
 |          2 |           1.846 |               3.600 |
 |          4 |           0.940 |               2.730 |
 |          8 |           0.476 |               2.310 |
 |         16 |           0.253 |               2.230 |
 +------------+-----------------+---------------------+


 +----------------------------------------------------+
 | Strong scaling with  8 threads                     |
 +------------+-----------------+---------------------+
 | Num. ranks | Time (from app) | Time (time command) |
 +------------+-----------------+---------------------+
 |          1 |           1.824 |               3.440 |
 |          2 |           0.971 |               2.720 |
 |          4 |           0.505 |               2.320 |
 |          8 |           0.286 |               2.130 |
 +------------+-----------------+---------------------+


 -----------------------------
 End Time: Sat Jan 11 12:42:45 CET 2025
 -----------------------------
 Strong scaling experiment end
