The following modules were not unloaded:
  (Use "module --force purge" to unload all):

  1) releases/2021b   2) tis/2018.01

 Strong scaling experiment start (hybrid)
 ----------------------------------------
        Time: Sat Jan 11 12:42:00 CET 2025
      Job id: 8128911
       Nodes: nic5-w072
 Max threads: 8
 ---------------------------------------


 +----------------------------------------------------+
 | Strong scaling with  2 threads                     |
 +------------+-----------------+---------------------+
 | Num. ranks | Time (from app) | Time (time command) |
 +------------+-----------------+---------------------+
 |          1 |           3.386 |               5.610 |
 |          2 |           0.882 |               2.890 |
 |          4 |           0.493 |               2.560 |
 |          8 |           0.249 |               2.480 |
 |         16 |           0.141 |               2.220 |
 |         32 |           0.083 |               2.620 |
 +------------+-----------------+---------------------+


 +----------------------------------------------------+
 | Strong scaling with  4 threads                     |
 +------------+-----------------+---------------------+
 | Num. ranks | Time (from app) | Time (time command) |
 +------------+-----------------+---------------------+
 |          1 |           2.966 |               5.160 |
 |          2 |           0.463 |               2.470 |
 |          4 |           0.251 |               2.310 |
 |          8 |           0.148 |               2.310 |
 |         16 |           0.085 |               2.190 |
 +------------+-----------------+---------------------+


 +----------------------------------------------------+
 | Strong scaling with  8 threads                     |
 +------------+-----------------+---------------------+
 | Num. ranks | Time (from app) | Time (time command) |
 +------------+-----------------+---------------------+
 |          1 |           0.486 |               2.670 |
 |          2 |           0.274 |               2.280 |
 |          4 |           0.179 |               2.220 |
 |          8 |           0.124 |               2.270 |
 +------------+-----------------+---------------------+


 -----------------------------
 End Time: Sat Jan 11 12:42:43 CET 2025
 -----------------------------
 Strong scaling experiment end
