The following modules were not unloaded:
  (Use "module --force purge" to unload all):

  1) releases/2021b   2) tis/2018.01

 Strong scaling experiment start (OpenMP)
 ----------------------------------------
        Time: Sat Jan 11 12:42:46 CET 2025
      Job id: 8128913
       Nodes: nic5-w073
 Max threads: 64
 ---------------------------------------


 +------------------------------------------------------+
 | Strong scaling with OMP_PROC_BIND =  close           |
 +--------------+-----------------+---------------------+
 | Num. threads | Time (from app) | Time (time command) |
 +--------------+-----------------+---------------------+
 |            1 |          14.611 |              14.640 |
 |            2 |           7.283 |               7.300 |
 |            4 |           3.894 |               3.900 |
 |            8 |           1.904 |               1.910 |
 |           16 |           0.967 |               0.970 |
 |           32 |           0.559 |               0.570 |
 |           64 |           0.490 |               0.500 |
 +--------------+-----------------+---------------------+


 +------------------------------------------------------+
 | Strong scaling with OMP_PROC_BIND = spread           |
 +--------------+-----------------+---------------------+
 | Num. threads | Time (from app) | Time (time command) |
 +--------------+-----------------+---------------------+
 |            1 |          14.675 |              14.700 |
 |            2 |           7.387 |               7.400 |
 |            4 |           3.721 |               3.730 |
 |            8 |           1.917 |               1.930 |
 |           16 |           1.093 |               1.100 |
 |           32 |           0.637 |               0.650 |
 |           64 |           0.472 |               0.480 |
 +--------------+-----------------+---------------------+


 -----------------------------
 End Time: Sat Jan 11 12:43:46 CET 2025
 -----------------------------
 Strong scaling experiment end
