The following modules were not unloaded:
  (Use "module --force purge" to unload all):

  1) releases/2021b   2) tis/2018.01

 Strong scaling experiment start (MPI)
 -------------------------------------
      Time: Fri Dec 20 23:50:49 CET 2024
    Job id: 8042722
     Nodes: nic5-w071
 Max ranks: 64
 ------------------------------------


 +----------------------------------------------------+
 | Strong scaling with processes  close               |
 +------------+-----------------+---------------------+
 | Num. ranks | Time (from app) | Time (time command) |
 +------------+-----------------+---------------------+
 |          1 |          11.865 |              14.000 |
 |          2 |           5.734 |               7.840 |
 |          4 |           2.924 |               4.780 |
 |          8 |           1.480 |               3.430 |
 |         16 |           0.761 |               2.860 |
 |         32 |           0.398 |               2.970 |
 |         64 |           0.212 |               3.370 |
 +------------+-----------------+---------------------+


 +----------------------------------------------------+
 | Strong scaling with processes spread               |
 +------------+-----------------+---------------------+
 | Num. ranks | Time (from app) | Time (time command) |
 +------------+-----------------+---------------------+
 |          1 |          11.852 |              13.980 |
 |          2 |           5.745 |               7.880 |
 |          4 |           2.899 |               4.840 |
 |          8 |           1.461 |               3.330 |
 |         16 |           0.762 |               2.780 |
 |         32 |           0.398 |               2.880 |
 |         64 |           0.213 |               3.420 |
 +------------+-----------------+---------------------+


 -----------------------------
 End Time: Fri Dec 20 23:52:08 CET 2024
 -----------------------------
 Strong scaling experiment end
