The following modules were not unloaded:
  (Use "module --force purge" to unload all):

  1) releases/2021b   2) tis/2018.01

 Strong scaling experiment start (OpenMP)
 ----------------------------------------
        Time: Thu Jan  9 17:06:01 CET 2025
      Job id: 8118667
       Nodes: nic5-w071
 Max threads: 64
 ---------------------------------------


 +------------------------------------------------------+
 | Strong scaling with OMP_PROC_BIND =  close           |
 +--------------+-----------------+---------------------+
 | Num. threads | Time (from app) | Time (time command) |
 +--------------+-----------------+---------------------+
 |            1 |           8.165 |               8.190 |
 |            2 |           5.403 |               5.430 |
 |            4 |           4.326 |               4.340 |
 |            8 |           0.867 |               0.880 |
 |           16 |           0.493 |               0.500 |
 |           32 |           0.347 |               0.360 |
 |           64 |           0.482 |               0.490 |
 +--------------+-----------------+---------------------+


 +------------------------------------------------------+
 | Strong scaling with OMP_PROC_BIND = spread           |
 +--------------+-----------------+---------------------+
 | Num. threads | Time (from app) | Time (time command) |
 +--------------+-----------------+---------------------+
 |            1 |           8.357 |               8.380 |
 |            2 |           3.563 |               3.580 |
 |            4 |           1.758 |               1.770 |
 |            8 |           1.042 |               1.050 |
 |           16 |           0.852 |               0.860 |
 |           32 |           0.578 |               0.590 |
 |           64 |           0.467 |               0.480 |
 +--------------+-----------------+---------------------+


 -----------------------------
 End Time: Thu Jan  9 17:06:39 CET 2025
 -----------------------------
 Strong scaling experiment end
