The following modules were not unloaded:
  (Use "module --force purge" to unload all):

  1) releases/2021b   2) tis/2018.01

 Strong scaling experiment start (MPI)
 -------------------------------------
      Time: Tue Dec 17 12:04:30 CET 2024
    Job id: 8027563
     Nodes: nic5-w073
 Max ranks: 64
 ------------------------------------


 +----------------------------------------------------+
 | Strong scaling with processes  close               |
 +------------+-----------------+---------------------+
 | Num. ranks | Time (from app) | Time (time command) |
 +------------+-----------------+---------------------+
 |          1 |          62.250 |               0.000 |
 |          2 |          32.100 |               0.000 |
 |          4 |          17.090 |               0.000 |
 |          8 |           9.610 |               0.000 |
 |         16 |           6.380 |               0.000 |
 |         32 |           8.030 |               0.000 |
 |         64 |          17.210 |               0.000 |
 +------------+-----------------+---------------------+


 +----------------------------------------------------+
 | Strong scaling with processes spread               |
 +------------+-----------------+---------------------+
 | Num. ranks | Time (from app) | Time (time command) |
 +------------+-----------------+---------------------+
 |          1 |          62.020 |               0.000 |
 |          2 |          32.020 |               0.000 |
 |          4 |          16.800 |               0.000 |
 |          8 |           9.320 |               0.000 |
 |         16 |           5.800 |               0.000 |
 |         32 |           4.810 |               0.000 |
 |         64 |          16.090 |               0.000 |
 +------------+-----------------+---------------------+


 -----------------------------
 End Time: Tue Dec 17 12:09:31 CET 2024
 -----------------------------
 Strong scaling experiment end
