The following modules were not unloaded:
  (Use "module --force purge" to unload all):

  1) releases/2021b   2) tis/2018.01

 Strong scaling experiment start (hybrid)
 ----------------------------------------
        Time: Tue Dec 17 12:00:16 CET 2024
      Job id: 8027521
       Nodes: nic5-w073
 Max threads: 8
 ---------------------------------------


 +----------------------------------------------------+
 | Strong scaling with  2 threads                     |
 +------------+-----------------+---------------------+
 | Num. ranks | Time (from app) | Time (time command) |
 +------------+-----------------+---------------------+
 |          1 |          51.610 |               0.000 |
 |          2 |          26.880 |               0.000 |
 |          4 |          14.700 |               0.000 |
 |          8 |           8.290 |               0.000 |
 |         16 |           5.210 |               0.000 |
 |         32 |           4.010 |               0.000 |
 +------------+-----------------+---------------------+


 +----------------------------------------------------+
 | Strong scaling with  4 threads                     |
 +------------+-----------------+---------------------+
 | Num. ranks | Time (from app) | Time (time command) |
 +------------+-----------------+---------------------+
 |          1 |          26.830 |               0.000 |
 |          2 |          14.510 |               0.000 |
 |          4 |           8.240 |               0.000 |
 |          8 |           5.150 |               0.000 |
 |         16 |           3.650 |               0.000 |
 +------------+-----------------+---------------------+


 +----------------------------------------------------+
 | Strong scaling with  8 threads                     |
 +------------+-----------------+---------------------+
 | Num. ranks | Time (from app) | Time (time command) |
 +------------+-----------------+---------------------+
 |          1 |          14.530 |               0.000 |
 |          2 |           8.350 |               0.000 |
 |          4 |           5.110 |               0.000 |
 |          8 |           3.610 |               0.000 |
 +------------+-----------------+---------------------+


 -----------------------------
 End Time: Tue Dec 17 12:03:37 CET 2024
 -----------------------------
 Strong scaling experiment end
