The following modules were not unloaded:
  (Use "module --force purge" to unload all):

  1) releases/2021b   2) tis/2018.01

 Strong scaling experiment start (hybrid)
 ----------------------------------------
        Time: Fri Dec 20 23:49:42 CET 2024
      Job id: 8042720
       Nodes: nic5-w071
 Max threads: 8
 ---------------------------------------


 +----------------------------------------------------+
 | Strong scaling with  2 threads                     |
 +------------+-----------------+---------------------+
 | Num. ranks | Time (from app) | Time (time command) |
 +------------+-----------------+---------------------+
 |          1 |          12.210 |               0.000 |
 |          2 |           7.250 |               0.000 |
 |          4 |           4.430 |               0.000 |
 |          8 |           3.260 |               0.000 |
 |         16 |           2.780 |               0.000 |
 |         32 |           2.820 |               0.000 |
 +------------+-----------------+---------------------+


 +----------------------------------------------------+
 | Strong scaling with  4 threads                     |
 +------------+-----------------+---------------------+
 | Num. ranks | Time (from app) | Time (time command) |
 +------------+-----------------+---------------------+
 |          1 |           7.410 |               0.000 |
 |          2 |           4.720 |               0.000 |
 |          4 |           3.160 |               0.000 |
 |          8 |           2.590 |               0.000 |
 |         16 |           2.410 |               0.000 |
 +------------+-----------------+---------------------+


 +----------------------------------------------------+
 | Strong scaling with  8 threads                     |
 +------------+-----------------+---------------------+
 | Num. ranks | Time (from app) | Time (time command) |
 +------------+-----------------+---------------------+
 |          1 |           4.640 |               0.000 |
 |          2 |           3.490 |               0.000 |
 |          4 |           2.620 |               0.000 |
 |          8 |           2.330 |               0.000 |
 +------------+-----------------+---------------------+


 -----------------------------
 End Time: Fri Dec 20 23:50:48 CET 2024
 -----------------------------
 Strong scaling experiment end
