The following modules were not unloaded:
  (Use "module --force purge" to unload all):

  1) releases/2021b   2) tis/2018.01

 Weak scaling experiment start (OpenMP)
 --------------------------------------
        Time: Sat Dec 21 22:37:00 CET 2024
      Job id: 8047471
       Nodes: nic5-w073
 Max threads: 64
 -------------------------------------


 +------------------------------------------------------+
 | Weak scaling with OMP_PROC_BIND =  close             |
 +--------------+-----------------+---------------------+
 | Num. threads | Time (from app) | Time (time command) |
 +--------------+-----------------+---------------------+
 |            1 |           8.765 |               8.790 |
 |            2 |          15.119 |              15.320 |
 |            4 |          30.719 |              30.750 |
 |            8 |          61.979 |              62.030 |
 |           16 |         111.836 |             111.900 |
 |           32 |         229.897 |             230.020 |
 |           64 |         539.977 |             540.200 |
 +--------------+-----------------+---------------------+


 +------------------------------------------------------+
 | Weak scaling with OMP_PROC_BIND = spread             |
 +--------------+-----------------+---------------------+
 | Num. threads | Time (from app) | Time (time command) |
 +--------------+-----------------+---------------------+
 |            1 |           9.005 |               9.030 |
 |            2 |          15.512 |              15.540 |
 |            4 |          24.058 |              24.090 |
 |            8 |          48.279 |              48.330 |
 |           16 |         111.623 |             111.710 |
 |           32 |         275.751 |             275.890 |
 |           64 |         536.970 |             537.220 |
 +--------------+-----------------+---------------------+


 ---------------------------
 End Time: Sat Dec 21 23:10:42 CET 2024
 ---------------------------
 Weak scaling experiment end
