The following modules were not unloaded:
  (Use "module --force purge" to unload all):

  1) releases/2021b   2) tis/2018.01

 Weak scaling experiment start (hybrid)
 --------------------------------------
        Time: Sat Dec 21 21:36:48 CET 2024
      Job id: 8047276
       Nodes: nic5-w072
 Max threads: 8
 -------------------------------------


 +----------------------------------------------------+
 | Weak scaling with  2 threads                       |
 +------------+-----------------+---------------------+
 | Num. ranks | Time (from app) | Time (time command) |
 +------------+-----------------+---------------------+
 |          1 |          20.194 |              21.990 |
 |          2 |          20.447 |              22.440 |
 |          4 |          26.942 |              29.020 |
 |          8 |          53.928 |              56.110 |
 |         16 |          54.142 |              56.250 |
 |         32 |          55.327 |              57.970 |
 +------------+-----------------+---------------------+


 +----------------------------------------------------+
 | Weak scaling with  4 threads                       |
 +------------+-----------------+---------------------+
 | Num. ranks | Time (from app) | Time (time command) |
 +------------+-----------------+---------------------+
 |          1 |          26.774 |              28.430 |
 |          2 |          27.673 |              29.510 |
 |          4 |          54.456 |              56.290 |
 |          8 |          54.588 |              56.510 |
 |         16 |          55.056 |              57.130 |
 +------------+-----------------+---------------------+


 +----------------------------------------------------+
 | Weak scaling with  8 threads                       |
 +------------+-----------------+---------------------+
 | Num. ranks | Time (from app) | Time (time command) |
 +------------+-----------------+---------------------+
 |          1 |          54.413 |              56.070 |
 |          2 |          54.654 |              56.460 |
 |          4 |          55.142 |              57.000 |
 |          8 |          55.532 |              57.420 |
 +------------+-----------------+---------------------+


 ---------------------------
 End Time: Sat Dec 21 21:48:27 CET 2024
 ---------------------------
 Weak scaling experiment end
