The following modules were not unloaded:
  (Use "module --force purge" to unload all):

  1) releases/2021b   2) tis/2018.01

 Weak scaling experiment start (OpenMP)
 --------------------------------------
        Time: Thu Jan  9 17:17:25 CET 2025
      Job id: 8118683
       Nodes: nic5-w073
 Max threads: 64
 -------------------------------------


 +------------------------------------------------------+
 | Weak scaling with OMP_PROC_BIND =  close             |
 +--------------+-----------------+---------------------+
 | Num. threads | Time (from app) | Time (time command) |
 +--------------+-----------------+---------------------+
 |            1 |          20.382 |              20.410 |
 |            2 |          20.432 |              20.460 |
 |            4 |          26.768 |              26.800 |
 |            8 |          54.186 |              54.230 |
 |           16 |          96.106 |              96.170 |
 |           32 |         200.046 |             200.160 |
 |           64 |         491.041 |             491.270 |
 +--------------+-----------------+---------------------+


 +------------------------------------------------------+
 | Weak scaling with OMP_PROC_BIND = spread             |
 +--------------+-----------------+---------------------+
 | Num. threads | Time (from app) | Time (time command) |
 +--------------+-----------------+---------------------+
 |            1 |          20.300 |              20.320 |
 |            2 |          26.896 |              26.920 |
 |            4 |          22.773 |              22.810 |
 |            8 |          42.444 |              42.500 |
 |           16 |          96.211 |              96.290 |
 |           32 |         262.393 |             262.530 |
 |           64 |         489.955 |             490.200 |
 +--------------+-----------------+---------------------+


 ---------------------------
 End Time: Thu Jan  9 17:48:36 CET 2025
 ---------------------------
 Weak scaling experiment end
