The following modules were not unloaded:
  (Use "module --force purge" to unload all):

  1) releases/2021b   2) tis/2018.01

 Weak scaling experiment start (OpenMP)
 --------------------------------------
        Time: Sat Dec 21 21:15:09 CET 2024
      Job id: 8047176
       Nodes: nic5-w073
 Max threads: 64
 -------------------------------------


 +------------------------------------------------------+
 | Weak scaling with OMP_PROC_BIND =  close             |
 +--------------+-----------------+---------------------+
 | Num. threads | Time (from app) | Time (time command) |
 +--------------+-----------------+---------------------+
 |            1 |          21.479 |              21.510 |
 |            2 |          22.307 |              22.340 |
 |            4 |          30.979 |              31.020 |
 |            8 |          62.087 |              62.140 |
 |           16 |         112.077 |             112.150 |
 |           32 |         230.206 |             230.330 |
 |           64 |         542.987 |             543.220 |
 +--------------+-----------------+---------------------+


 +------------------------------------------------------+
 | Weak scaling with OMP_PROC_BIND = spread             |
 +--------------+-----------------+---------------------+
 | Num. threads | Time (from app) | Time (time command) |
 +--------------+-----------------+---------------------+
 |            1 |          21.218 |              21.250 |
 |            2 |          22.965 |              23.000 |
 |            4 |          27.208 |              27.250 |
 |            8 |          50.464 |              50.520 |
 |           16 |         112.631 |             112.720 |
 |           32 |         277.279 |             277.430 |
 |           64 |         538.761 |             539.010 |
 +--------------+-----------------+---------------------+


 ---------------------------
 End Time: Sat Dec 21 21:49:43 CET 2024
 ---------------------------
 Weak scaling experiment end
