--------------------------------------------------------------------------------
CPU name:	AMD EPYC 7542 32-Core Processor                
CPU type:	AMD K17 (Zen2) architecture
CPU clock:	2.90 GHz
ERROR - [./src/includes/perfmon_perfevent.h:perfmon_setupCountersThread_perfevent:869] Permission denied.
Setup of event ACTUAL_CPU_CLOCK on CPU 0 failed: Permission denied
ERROR - [./src/includes/perfmon_perfevent.h:perfmon_setupCountersThread_perfevent:869] Permission denied.
Setup of event MAX_CPU_CLOCK on CPU 0 failed: Permission denied
ERROR - [./src/includes/perfmon_perfevent.h:perfmon_setupCountersThread_perfevent:869] Permission denied.
Setup of event ACTUAL_CPU_CLOCK on CPU 1 failed: Permission denied
ERROR - [./src/includes/perfmon_perfevent.h:perfmon_setupCountersThread_perfevent:869] Permission denied.
Setup of event MAX_CPU_CLOCK on CPU 1 failed: Permission denied
ERROR - [./src/includes/perfmon_perfevent.h:perfmon_setupCountersThread_perfevent:869] Permission denied.
Setup of event ACTUAL_CPU_CLOCK on CPU 2 failed: Permission denied
ERROR - [./src/includes/perfmon_perfevent.h:perfmon_setupCountersThread_perfevent:869] Permission denied.
Setup of event MAX_CPU_CLOCK on CPU 2 failed: Permission denied
ERROR - [./src/includes/perfmon_perfevent.h:perfmon_setupCountersThread_perfevent:869] Permission denied.
Setup of event ACTUAL_CPU_CLOCK on CPU 3 failed: Permission denied
ERROR - [./src/includes/perfmon_perfevent.h:perfmon_setupCountersThread_perfevent:869] Permission denied.
Setup of event MAX_CPU_CLOCK on CPU 3 failed: Permission denied
ERROR - [./src/includes/perfmon_perfevent.h:perfmon_setupCountersThread_perfevent:869] Permission denied.
Setup of event ACTUAL_CPU_CLOCK on CPU 4 failed: Permission denied
ERROR - [./src/includes/perfmon_perfevent.h:perfmon_setupCountersThread_perfevent:869] Permission denied.
Setup of event MAX_CPU_CLOCK on CPU 4 failed: Permission denied
ERROR - [./src/includes/perfmon_perfevent.h:perfmon_setupCountersThread_perfevent:869] Permission denied.
Setup of event ACTUAL_CPU_CLOCK on CPU 5 failed: Permission denied
ERROR - [./src/includes/perfmon_perfevent.h:perfmon_setupCountersThread_perfevent:869] Permission denied.
Setup of event MAX_CPU_CLOCK on CPU 5 failed: Permission denied
ERROR - [./src/includes/perfmon_perfevent.h:perfmon_setupCountersThread_perfevent:869] Permission denied.
Setup of event ACTUAL_CPU_CLOCK on CPU 6 failed: Permission denied
ERROR - [./src/includes/perfmon_perfevent.h:perfmon_setupCountersThread_perfevent:869] Permission denied.
Setup of event MAX_CPU_CLOCK on CPU 6 failed: Permission denied
ERROR - [./src/includes/perfmon_perfevent.h:perfmon_setupCountersThread_perfevent:869] Permission denied.
Setup of event ACTUAL_CPU_CLOCK on CPU 7 failed: Permission denied
ERROR - [./src/includes/perfmon_perfevent.h:perfmon_setupCountersThread_perfevent:869] Permission denied.
Setup of event MAX_CPU_CLOCK on CPU 7 failed: Permission denied
ERROR - [./src/includes/perfmon_perfevent.h:perfmon_setupCountersThread_perfevent:869] Permission denied.
Setup of event ACTUAL_CPU_CLOCK on CPU 8 failed: Permission denied
ERROR - [./src/includes/perfmon_perfevent.h:perfmon_setupCountersThread_perfevent:869] Permission denied.
Setup of event MAX_CPU_CLOCK on CPU 8 failed: Permission denied
ERROR - [./src/includes/perfmon_perfevent.h:perfmon_setupCountersThread_perfevent:869] Permission denied.
Setup of event ACTUAL_CPU_CLOCK on CPU 9 failed: Permission denied
ERROR - [./src/includes/perfmon_perfevent.h:perfmon_setupCountersThread_perfevent:869] Permission denied.
Setup of event MAX_CPU_CLOCK on CPU 9 failed: Permission denied
ERROR - [./src/includes/perfmon_perfevent.h:perfmon_setupCountersThread_perfevent:869] Permission denied.
Setup of event ACTUAL_CPU_CLOCK on CPU 10 failed: Permission denied
ERROR - [./src/includes/perfmon_perfevent.h:perfmon_setupCountersThread_perfevent:869] Permission denied.
Setup of event MAX_CPU_CLOCK on CPU 10 failed: Permission denied
ERROR - [./src/includes/perfmon_perfevent.h:perfmon_setupCountersThread_perfevent:869] Permission denied.
Setup of event ACTUAL_CPU_CLOCK on CPU 11 failed: Permission denied
ERROR - [./src/includes/perfmon_perfevent.h:perfmon_setupCountersThread_perfevent:869] Permission denied.
Setup of event MAX_CPU_CLOCK on CPU 11 failed: Permission denied
ERROR - [./src/includes/perfmon_perfevent.h:perfmon_setupCountersThread_perfevent:869] Permission denied.
Setup of event ACTUAL_CPU_CLOCK on CPU 12 failed: Permission denied
ERROR - [./src/includes/perfmon_perfevent.h:perfmon_setupCountersThread_perfevent:869] Permission denied.
Setup of event MAX_CPU_CLOCK on CPU 12 failed: Permission denied
ERROR - [./src/includes/perfmon_perfevent.h:perfmon_setupCountersThread_perfevent:869] Permission denied.
Setup of event ACTUAL_CPU_CLOCK on CPU 13 failed: Permission denied
ERROR - [./src/includes/perfmon_perfevent.h:perfmon_setupCountersThread_perfevent:869] Permission denied.
Setup of event MAX_CPU_CLOCK on CPU 13 failed: Permission denied
ERROR - [./src/includes/perfmon_perfevent.h:perfmon_setupCountersThread_perfevent:869] Permission denied.
Setup of event ACTUAL_CPU_CLOCK on CPU 14 failed: Permission denied
ERROR - [./src/includes/perfmon_perfevent.h:perfmon_setupCountersThread_perfevent:869] Permission denied.
Setup of event MAX_CPU_CLOCK on CPU 14 failed: Permission denied
ERROR - [./src/includes/perfmon_perfevent.h:perfmon_setupCountersThread_perfevent:869] Permission denied.
Setup of event ACTUAL_CPU_CLOCK on CPU 15 failed: Permission denied
ERROR - [./src/includes/perfmon_perfevent.h:perfmon_setupCountersThread_perfevent:869] Permission denied.
Setup of event MAX_CPU_CLOCK on CPU 15 failed: Permission denied
ERROR - [./src/includes/perfmon_perfevent.h:perfmon_setupCountersThread_perfevent:869] Permission denied.
Setup of event ACTUAL_CPU_CLOCK on CPU 16 failed: Permission denied
ERROR - [./src/includes/perfmon_perfevent.h:perfmon_setupCountersThread_perfevent:869] Permission denied.
Setup of event MAX_CPU_CLOCK on CPU 16 failed: Permission denied
ERROR - [./src/includes/perfmon_perfevent.h:perfmon_setupCountersThread_perfevent:869] Permission denied.
Setup of event ACTUAL_CPU_CLOCK on CPU 17 failed: Permission denied
ERROR - [./src/includes/perfmon_perfevent.h:perfmon_setupCountersThread_perfevent:869] Permission denied.
Setup of event MAX_CPU_CLOCK on CPU 17 failed: Permission denied
ERROR - [./src/includes/perfmon_perfevent.h:perfmon_setupCountersThread_perfevent:869] Permission denied.
Setup of event ACTUAL_CPU_CLOCK on CPU 18 failed: Permission denied
ERROR - [./src/includes/perfmon_perfevent.h:perfmon_setupCountersThread_perfevent:869] Permission denied.
Setup of event MAX_CPU_CLOCK on CPU 18 failed: Permission denied
ERROR - [./src/includes/perfmon_perfevent.h:perfmon_setupCountersThread_perfevent:869] Permission denied.
Setup of event ACTUAL_CPU_CLOCK on CPU 19 failed: Permission denied
ERROR - [./src/includes/perfmon_perfevent.h:perfmon_setupCountersThread_perfevent:869] Permission denied.
Setup of event MAX_CPU_CLOCK on CPU 19 failed: Permission denied
ERROR - [./src/includes/perfmon_perfevent.h:perfmon_setupCountersThread_perfevent:869] Permission denied.
Setup of event ACTUAL_CPU_CLOCK on CPU 20 failed: Permission denied
ERROR - [./src/includes/perfmon_perfevent.h:perfmon_setupCountersThread_perfevent:869] Permission denied.
Setup of event MAX_CPU_CLOCK on CPU 20 failed: Permission denied
ERROR - [./src/includes/perfmon_perfevent.h:perfmon_setupCountersThread_perfevent:869] Permission denied.
Setup of event ACTUAL_CPU_CLOCK on CPU 21 failed: Permission denied
ERROR - [./src/includes/perfmon_perfevent.h:perfmon_setupCountersThread_perfevent:869] Permission denied.
Setup of event MAX_CPU_CLOCK on CPU 21 failed: Permission denied
ERROR - [./src/includes/perfmon_perfevent.h:perfmon_setupCountersThread_perfevent:869] Permission denied.
Setup of event ACTUAL_CPU_CLOCK on CPU 22 failed: Permission denied
ERROR - [./src/includes/perfmon_perfevent.h:perfmon_setupCountersThread_perfevent:869] Permission denied.
Setup of event MAX_CPU_CLOCK on CPU 22 failed: Permission denied
ERROR - [./src/includes/perfmon_perfevent.h:perfmon_setupCountersThread_perfevent:869] Permission denied.
Setup of event ACTUAL_CPU_CLOCK on CPU 23 failed: Permission denied
ERROR - [./src/includes/perfmon_perfevent.h:perfmon_setupCountersThread_perfevent:869] Permission denied.
Setup of event MAX_CPU_CLOCK on CPU 23 failed: Permission denied
ERROR - [./src/includes/perfmon_perfevent.h:perfmon_setupCountersThread_perfevent:869] Permission denied.
Setup of event ACTUAL_CPU_CLOCK on CPU 24 failed: Permission denied
ERROR - [./src/includes/perfmon_perfevent.h:perfmon_setupCountersThread_perfevent:869] Permission denied.
Setup of event MAX_CPU_CLOCK on CPU 24 failed: Permission denied
ERROR - [./src/includes/perfmon_perfevent.h:perfmon_setupCountersThread_perfevent:869] Permission denied.
Setup of event ACTUAL_CPU_CLOCK on CPU 25 failed: Permission denied
ERROR - [./src/includes/perfmon_perfevent.h:perfmon_setupCountersThread_perfevent:869] Permission denied.
Setup of event MAX_CPU_CLOCK on CPU 25 failed: Permission denied
ERROR - [./src/includes/perfmon_perfevent.h:perfmon_setupCountersThread_perfevent:869] Permission denied.
Setup of event ACTUAL_CPU_CLOCK on CPU 26 failed: Permission denied
ERROR - [./src/includes/perfmon_perfevent.h:perfmon_setupCountersThread_perfevent:869] Permission denied.
Setup of event MAX_CPU_CLOCK on CPU 26 failed: Permission denied
ERROR - [./src/includes/perfmon_perfevent.h:perfmon_setupCountersThread_perfevent:869] Permission denied.
Setup of event ACTUAL_CPU_CLOCK on CPU 27 failed: Permission denied
ERROR - [./src/includes/perfmon_perfevent.h:perfmon_setupCountersThread_perfevent:869] Permission denied.
Setup of event MAX_CPU_CLOCK on CPU 27 failed: Permission denied
ERROR - [./src/includes/perfmon_perfevent.h:perfmon_setupCountersThread_perfevent:869] Permission denied.
Setup of event ACTUAL_CPU_CLOCK on CPU 28 failed: Permission denied
ERROR - [./src/includes/perfmon_perfevent.h:perfmon_setupCountersThread_perfevent:869] Permission denied.
Setup of event MAX_CPU_CLOCK on CPU 28 failed: Permission denied
ERROR - [./src/includes/perfmon_perfevent.h:perfmon_setupCountersThread_perfevent:869] Permission denied.
Setup of event ACTUAL_CPU_CLOCK on CPU 29 failed: Permission denied
ERROR - [./src/includes/perfmon_perfevent.h:perfmon_setupCountersThread_perfevent:869] Permission denied.
Setup of event MAX_CPU_CLOCK on CPU 29 failed: Permission denied
ERROR - [./src/includes/perfmon_perfevent.h:perfmon_setupCountersThread_perfevent:869] Permission denied.
Setup of event ACTUAL_CPU_CLOCK on CPU 30 failed: Permission denied
ERROR - [./src/includes/perfmon_perfevent.h:perfmon_setupCountersThread_perfevent:869] Permission denied.
Setup of event MAX_CPU_CLOCK on CPU 30 failed: Permission denied
ERROR - [./src/includes/perfmon_perfevent.h:perfmon_setupCountersThread_perfevent:869] Permission denied.
Setup of event ACTUAL_CPU_CLOCK on CPU 31 failed: Permission denied
ERROR - [./src/includes/perfmon_perfevent.h:perfmon_setupCountersThread_perfevent:869] Permission denied.
Setup of event MAX_CPU_CLOCK on CPU 31 failed: Permission denied
ERROR - [./src/includes/perfmon_perfevent.h:perfmon_setupCountersThread_perfevent:869] Permission denied.
Setup of event ACTUAL_CPU_CLOCK on CPU 32 failed: Permission denied
ERROR - [./src/includes/perfmon_perfevent.h:perfmon_setupCountersThread_perfevent:869] Permission denied.
Setup of event MAX_CPU_CLOCK on CPU 32 failed: Permission denied
ERROR - [./src/includes/perfmon_perfevent.h:perfmon_setupCountersThread_perfevent:869] Permission denied.
Setup of event ACTUAL_CPU_CLOCK on CPU 33 failed: Permission denied
ERROR - [./src/includes/perfmon_perfevent.h:perfmon_setupCountersThread_perfevent:869] Permission denied.
Setup of event MAX_CPU_CLOCK on CPU 33 failed: Permission denied
ERROR - [./src/includes/perfmon_perfevent.h:perfmon_setupCountersThread_perfevent:869] Permission denied.
Setup of event ACTUAL_CPU_CLOCK on CPU 34 failed: Permission denied
ERROR - [./src/includes/perfmon_perfevent.h:perfmon_setupCountersThread_perfevent:869] Permission denied.
Setup of event MAX_CPU_CLOCK on CPU 34 failed: Permission denied
ERROR - [./src/includes/perfmon_perfevent.h:perfmon_setupCountersThread_perfevent:869] Permission denied.
Setup of event ACTUAL_CPU_CLOCK on CPU 35 failed: Permission denied
ERROR - [./src/includes/perfmon_perfevent.h:perfmon_setupCountersThread_perfevent:869] Permission denied.
Setup of event MAX_CPU_CLOCK on CPU 35 failed: Permission denied
ERROR - [./src/includes/perfmon_perfevent.h:perfmon_setupCountersThread_perfevent:869] Permission denied.
Setup of event ACTUAL_CPU_CLOCK on CPU 36 failed: Permission denied
ERROR - [./src/includes/perfmon_perfevent.h:perfmon_setupCountersThread_perfevent:869] Permission denied.
Setup of event MAX_CPU_CLOCK on CPU 36 failed: Permission denied
ERROR - [./src/includes/perfmon_perfevent.h:perfmon_setupCountersThread_perfevent:869] Permission denied.
Setup of event ACTUAL_CPU_CLOCK on CPU 37 failed: Permission denied
ERROR - [./src/includes/perfmon_perfevent.h:perfmon_setupCountersThread_perfevent:869] Permission denied.
Setup of event MAX_CPU_CLOCK on CPU 37 failed: Permission denied
ERROR - [./src/includes/perfmon_perfevent.h:perfmon_setupCountersThread_perfevent:869] Permission denied.
Setup of event ACTUAL_CPU_CLOCK on CPU 38 failed: Permission denied
ERROR - [./src/includes/perfmon_perfevent.h:perfmon_setupCountersThread_perfevent:869] Permission denied.
Setup of event MAX_CPU_CLOCK on CPU 38 failed: Permission denied
ERROR - [./src/includes/perfmon_perfevent.h:perfmon_setupCountersThread_perfevent:869] Permission denied.
Setup of event ACTUAL_CPU_CLOCK on CPU 39 failed: Permission denied
ERROR - [./src/includes/perfmon_perfevent.h:perfmon_setupCountersThread_perfevent:869] Permission denied.
Setup of event MAX_CPU_CLOCK on CPU 39 failed: Permission denied
ERROR - [./src/includes/perfmon_perfevent.h:perfmon_setupCountersThread_perfevent:869] Permission denied.
Setup of event ACTUAL_CPU_CLOCK on CPU 40 failed: Permission denied
ERROR - [./src/includes/perfmon_perfevent.h:perfmon_setupCountersThread_perfevent:869] Permission denied.
Setup of event MAX_CPU_CLOCK on CPU 40 failed: Permission denied
ERROR - [./src/includes/perfmon_perfevent.h:perfmon_setupCountersThread_perfevent:869] Permission denied.
Setup of event ACTUAL_CPU_CLOCK on CPU 41 failed: Permission denied
ERROR - [./src/includes/perfmon_perfevent.h:perfmon_setupCountersThread_perfevent:869] Permission denied.
Setup of event MAX_CPU_CLOCK on CPU 41 failed: Permission denied
ERROR - [./src/includes/perfmon_perfevent.h:perfmon_setupCountersThread_perfevent:869] Permission denied.
Setup of event ACTUAL_CPU_CLOCK on CPU 42 failed: Permission denied
ERROR - [./src/includes/perfmon_perfevent.h:perfmon_setupCountersThread_perfevent:869] Permission denied.
Setup of event MAX_CPU_CLOCK on CPU 42 failed: Permission denied
ERROR - [./src/includes/perfmon_perfevent.h:perfmon_setupCountersThread_perfevent:869] Permission denied.
Setup of event ACTUAL_CPU_CLOCK on CPU 43 failed: Permission denied
ERROR - [./src/includes/perfmon_perfevent.h:perfmon_setupCountersThread_perfevent:869] Permission denied.
Setup of event MAX_CPU_CLOCK on CPU 43 failed: Permission denied
ERROR - [./src/includes/perfmon_perfevent.h:perfmon_setupCountersThread_perfevent:869] Permission denied.
Setup of event ACTUAL_CPU_CLOCK on CPU 44 failed: Permission denied
ERROR - [./src/includes/perfmon_perfevent.h:perfmon_setupCountersThread_perfevent:869] Permission denied.
Setup of event MAX_CPU_CLOCK on CPU 44 failed: Permission denied
ERROR - [./src/includes/perfmon_perfevent.h:perfmon_setupCountersThread_perfevent:869] Permission denied.
Setup of event ACTUAL_CPU_CLOCK on CPU 45 failed: Permission denied
ERROR - [./src/includes/perfmon_perfevent.h:perfmon_setupCountersThread_perfevent:869] Permission denied.
Setup of event MAX_CPU_CLOCK on CPU 45 failed: Permission denied
ERROR - [./src/includes/perfmon_perfevent.h:perfmon_setupCountersThread_perfevent:869] Permission denied.
Setup of event ACTUAL_CPU_CLOCK on CPU 46 failed: Permission denied
ERROR - [./src/includes/perfmon_perfevent.h:perfmon_setupCountersThread_perfevent:869] Permission denied.
Setup of event MAX_CPU_CLOCK on CPU 46 failed: Permission denied
ERROR - [./src/includes/perfmon_perfevent.h:perfmon_setupCountersThread_perfevent:869] Permission denied.
Setup of event ACTUAL_CPU_CLOCK on CPU 47 failed: Permission denied
ERROR - [./src/includes/perfmon_perfevent.h:perfmon_setupCountersThread_perfevent:869] Permission denied.
Setup of event MAX_CPU_CLOCK on CPU 47 failed: Permission denied
ERROR - [./src/includes/perfmon_perfevent.h:perfmon_setupCountersThread_perfevent:869] Permission denied.
Setup of event ACTUAL_CPU_CLOCK on CPU 48 failed: Permission denied
ERROR - [./src/includes/perfmon_perfevent.h:perfmon_setupCountersThread_perfevent:869] Permission denied.
Setup of event MAX_CPU_CLOCK on CPU 48 failed: Permission denied
ERROR - [./src/includes/perfmon_perfevent.h:perfmon_setupCountersThread_perfevent:869] Permission denied.
Setup of event ACTUAL_CPU_CLOCK on CPU 49 failed: Permission denied
ERROR - [./src/includes/perfmon_perfevent.h:perfmon_setupCountersThread_perfevent:869] Permission denied.
Setup of event MAX_CPU_CLOCK on CPU 49 failed: Permission denied
ERROR - [./src/includes/perfmon_perfevent.h:perfmon_setupCountersThread_perfevent:869] Permission denied.
Setup of event ACTUAL_CPU_CLOCK on CPU 50 failed: Permission denied
ERROR - [./src/includes/perfmon_perfevent.h:perfmon_setupCountersThread_perfevent:869] Permission denied.
Setup of event MAX_CPU_CLOCK on CPU 50 failed: Permission denied
ERROR - [./src/includes/perfmon_perfevent.h:perfmon_setupCountersThread_perfevent:869] Permission denied.
Setup of event ACTUAL_CPU_CLOCK on CPU 51 failed: Permission denied
ERROR - [./src/includes/perfmon_perfevent.h:perfmon_setupCountersThread_perfevent:869] Permission denied.
Setup of event MAX_CPU_CLOCK on CPU 51 failed: Permission denied
ERROR - [./src/includes/perfmon_perfevent.h:perfmon_setupCountersThread_perfevent:869] Permission denied.
Setup of event ACTUAL_CPU_CLOCK on CPU 52 failed: Permission denied
ERROR - [./src/includes/perfmon_perfevent.h:perfmon_setupCountersThread_perfevent:869] Permission denied.
Setup of event MAX_CPU_CLOCK on CPU 52 failed: Permission denied
ERROR - [./src/includes/perfmon_perfevent.h:perfmon_setupCountersThread_perfevent:869] Permission denied.
Setup of event ACTUAL_CPU_CLOCK on CPU 53 failed: Permission denied
ERROR - [./src/includes/perfmon_perfevent.h:perfmon_setupCountersThread_perfevent:869] Permission denied.
Setup of event MAX_CPU_CLOCK on CPU 53 failed: Permission denied
ERROR - [./src/includes/perfmon_perfevent.h:perfmon_setupCountersThread_perfevent:869] Permission denied.
Setup of event ACTUAL_CPU_CLOCK on CPU 54 failed: Permission denied
ERROR - [./src/includes/perfmon_perfevent.h:perfmon_setupCountersThread_perfevent:869] Permission denied.
Setup of event MAX_CPU_CLOCK on CPU 54 failed: Permission denied
ERROR - [./src/includes/perfmon_perfevent.h:perfmon_setupCountersThread_perfevent:869] Permission denied.
Setup of event ACTUAL_CPU_CLOCK on CPU 55 failed: Permission denied
ERROR - [./src/includes/perfmon_perfevent.h:perfmon_setupCountersThread_perfevent:869] Permission denied.
Setup of event MAX_CPU_CLOCK on CPU 55 failed: Permission denied
ERROR - [./src/includes/perfmon_perfevent.h:perfmon_setupCountersThread_perfevent:869] Permission denied.
Setup of event ACTUAL_CPU_CLOCK on CPU 56 failed: Permission denied
ERROR - [./src/includes/perfmon_perfevent.h:perfmon_setupCountersThread_perfevent:869] Permission denied.
Setup of event MAX_CPU_CLOCK on CPU 56 failed: Permission denied
ERROR - [./src/includes/perfmon_perfevent.h:perfmon_setupCountersThread_perfevent:869] Permission denied.
Setup of event ACTUAL_CPU_CLOCK on CPU 57 failed: Permission denied
ERROR - [./src/includes/perfmon_perfevent.h:perfmon_setupCountersThread_perfevent:869] Permission denied.
Setup of event MAX_CPU_CLOCK on CPU 57 failed: Permission denied
ERROR - [./src/includes/perfmon_perfevent.h:perfmon_setupCountersThread_perfevent:869] Permission denied.
Setup of event ACTUAL_CPU_CLOCK on CPU 58 failed: Permission denied
ERROR - [./src/includes/perfmon_perfevent.h:perfmon_setupCountersThread_perfevent:869] Permission denied.
Setup of event MAX_CPU_CLOCK on CPU 58 failed: Permission denied
ERROR - [./src/includes/perfmon_perfevent.h:perfmon_setupCountersThread_perfevent:869] Permission denied.
Setup of event ACTUAL_CPU_CLOCK on CPU 59 failed: Permission denied
ERROR - [./src/includes/perfmon_perfevent.h:perfmon_setupCountersThread_perfevent:869] Permission denied.
Setup of event MAX_CPU_CLOCK on CPU 59 failed: Permission denied
ERROR - [./src/includes/perfmon_perfevent.h:perfmon_setupCountersThread_perfevent:869] Permission denied.
Setup of event ACTUAL_CPU_CLOCK on CPU 60 failed: Permission denied
ERROR - [./src/includes/perfmon_perfevent.h:perfmon_setupCountersThread_perfevent:869] Permission denied.
Setup of event MAX_CPU_CLOCK on CPU 60 failed: Permission denied
ERROR - [./src/includes/perfmon_perfevent.h:perfmon_setupCountersThread_perfevent:869] Permission denied.
Setup of event ACTUAL_CPU_CLOCK on CPU 61 failed: Permission denied
ERROR - [./src/includes/perfmon_perfevent.h:perfmon_setupCountersThread_perfevent:869] Permission denied.
Setup of event MAX_CPU_CLOCK on CPU 61 failed: Permission denied
ERROR - [./src/includes/perfmon_perfevent.h:perfmon_setupCountersThread_perfevent:869] Permission denied.
Setup of event ACTUAL_CPU_CLOCK on CPU 62 failed: Permission denied
ERROR - [./src/includes/perfmon_perfevent.h:perfmon_setupCountersThread_perfevent:869] Permission denied.
Setup of event MAX_CPU_CLOCK on CPU 62 failed: Permission denied
ERROR - [./src/includes/perfmon_perfevent.h:perfmon_setupCountersThread_perfevent:869] Permission denied.
Setup of event ACTUAL_CPU_CLOCK on CPU 63 failed: Permission denied
ERROR - [./src/includes/perfmon_perfevent.h:perfmon_setupCountersThread_perfevent:869] Permission denied.
Setup of event MAX_CPU_CLOCK on CPU 63 failed: Permission denied
--------------------------------------------------------------------------------
Parameters:
 - grid spacing (dx, dy): 5 m, 5 m
 - time step (dt): 0.05 s
 - maximum time (max_t): 200 s
 - gravitational acceleration (g): 9.81 m/s^2
 - dissipation coefficient (gamma): 2e-05 1/s
 - source type: 1
 - sampling rate: 0
 - input bathymetry (h) file: 'h_simple.dat'
 - output elevation (eta) file: 'eta_simple'
 - output velocity (u, v) files: 'u_simple', 'v_simple'
h->dx = 40.000000
h->dy = 40.000000
 - grid size: 4000 m x 4000 m (800 x 800 = 640000 grid points)
 - number of time steps: 4000
Computing step 400/4000 (ETA: 4.73029 seconds)     Computing step 800/4000 (ETA: 4.20418 seconds)     Computing step 1200/4000 (ETA: 3.67539 seconds)     Computing step 1600/4000 (ETA: 3.14946 seconds)     Computing step 2000/4000 (ETA: 2.62356 seconds)     Computing step 2400/4000 (ETA: 2.09829 seconds)     Computing step 2800/4000 (ETA: 1.57368 seconds)     Computing step 3200/4000 (ETA: 1.04892 seconds)     Computing step 3600/4000 (ETA: 0.524384 seconds)     
Done: 5.24184 seconds (488.378 MUpdates/s)
--------------------------------------------------------------------------------
Group 1: CACHE
+------------------------+---------+-------------+-------------+------------+------------+------------+------------+------------+------------+------------+------------+-------------+-------------+-------------+-------------+-------------+-------------+-------------+-------------+-------------+-------------+-------------+-------------+-------------+-------------+-------------+-------------+-------------+-------------+-------------+-------------+-------------+-------------+-------------+-------------+-------------+-------------+-------------+-------------+-------------+-------------+-------------+-------------+-------------+-------------+-------------+-------------+-------------+-------------+-------------+-------------+-------------+-------------+-------------+-------------+-------------+-------------+-------------+-------------+-------------+-------------+-------------+-------------+-------------+-------------+
|          Event         | Counter |  HWThread 0 |  HWThread 1 | HWThread 2 | HWThread 3 | HWThread 4 | HWThread 5 | HWThread 6 | HWThread 7 | HWThread 8 | HWThread 9 | HWThread 10 | HWThread 11 | HWThread 12 | HWThread 13 | HWThread 14 | HWThread 15 | HWThread 16 | HWThread 17 | HWThread 18 | HWThread 19 | HWThread 20 | HWThread 21 | HWThread 22 | HWThread 23 | HWThread 24 | HWThread 25 | HWThread 26 | HWThread 27 | HWThread 28 | HWThread 29 | HWThread 30 | HWThread 31 | HWThread 32 | HWThread 33 | HWThread 34 | HWThread 35 | HWThread 36 | HWThread 37 | HWThread 38 | HWThread 39 | HWThread 40 | HWThread 41 | HWThread 42 | HWThread 43 | HWThread 44 | HWThread 45 | HWThread 46 | HWThread 47 | HWThread 48 | HWThread 49 | HWThread 50 | HWThread 51 | HWThread 52 | HWThread 53 | HWThread 54 | HWThread 55 | HWThread 56 | HWThread 57 | HWThread 58 | HWThread 59 | HWThread 60 | HWThread 61 | HWThread 62 | HWThread 63 |
+------------------------+---------+-------------+-------------+------------+------------+------------+------------+------------+------------+------------+------------+-------------+-------------+-------------+-------------+-------------+-------------+-------------+-------------+-------------+-------------+-------------+-------------+-------------+-------------+-------------+-------------+-------------+-------------+-------------+-------------+-------------+-------------+-------------+-------------+-------------+-------------+-------------+-------------+-------------+-------------+-------------+-------------+-------------+-------------+-------------+-------------+-------------+-------------+-------------+-------------+-------------+-------------+-------------+-------------+-------------+-------------+-------------+-------------+-------------+-------------+-------------+-------------+-------------+-------------+
|    ACTUAL_CPU_CLOCK    |  FIXC1  |           0 |           0 |          0 |          0 |          0 |          0 |          0 |          0 |          0 |          0 |           0 |           0 |           0 |           0 |           0 |           0 |           0 |           0 |           0 |           0 |           0 |           0 |           0 |           0 |           0 |           0 |           0 |           0 |           0 |           0 |           0 |           0 |           0 |           0 |           0 |           0 |           0 |           0 |           0 |           0 |           0 |           0 |           0 |           0 |           0 |           0 |           0 |           0 |           0 |           0 |           0 |           0 |           0 |           0 |           0 |           0 |           0 |           0 |           0 |           0 |           0 |           0 |           0 |           0 |
|      MAX_CPU_CLOCK     |  FIXC2  |           0 |           0 |          0 |          0 |          0 |          0 |          0 |          0 |          0 |          0 |           0 |           0 |           0 |           0 |           0 |           0 |           0 |           0 |           0 |           0 |           0 |           0 |           0 |           0 |           0 |           0 |           0 |           0 |           0 |           0 |           0 |           0 |           0 |           0 |           0 |           0 |           0 |           0 |           0 |           0 |           0 |           0 |           0 |           0 |           0 |           0 |           0 |           0 |           0 |           0 |           0 |           0 |           0 |           0 |           0 |           0 |           0 |           0 |           0 |           0 |           0 |           0 |           0 |           0 |
|  RETIRED_INSTRUCTIONS  |   PMC0  | 38022561119 | 37991481402 |          0 |          0 |          0 |          0 |          0 |          0 |          0 |          0 |           0 |           0 |           0 |           0 |           0 |           0 |           0 |           0 |           0 |           0 |           0 |           0 |           0 |           0 |           0 |           0 |           0 |           0 |           0 |           0 |           0 |           0 |           0 |           0 |           0 |           0 |           0 |           0 |           0 |           0 |           0 |           0 |           0 |           0 |           0 |           0 |           0 |           0 |           0 |           0 |           0 |           0 |           0 |           0 |           0 |           0 |           0 |           0 |      847616 |           0 |           0 |           0 |           0 |           0 |
|   CPU_CLOCKS_UNHALTED  |   PMC1  | 14842151472 | 14867039216 |          0 |          0 |          0 |          0 |          0 |          0 |          0 |          0 |           0 |           0 |           0 |           0 |           0 |           0 |           0 |           0 |           0 |           0 |           0 |           0 |           0 |           0 |           0 |           0 |           0 |           0 |           0 |           0 |           0 |           0 |           0 |           0 |           0 |           0 |           0 |           0 |           0 |           0 |           0 |           0 |           0 |           0 |           0 |           0 |           0 |           0 |           0 |           0 |           0 |           0 |           0 |           0 |           0 |           0 |           0 |           0 |     1074029 |           0 |           0 |           0 |           0 |           0 |
|   DATA_CACHE_ACCESSES  |   PMC2  | 15860360347 | 15844877796 |          0 |          0 |          0 |          0 |          0 |          0 |          0 |          0 |           0 |           0 |           0 |           0 |           0 |           0 |           0 |           0 |           0 |           0 |           0 |           0 |           0 |           0 |           0 |           0 |           0 |           0 |           0 |           0 |           0 |           0 |           0 |           0 |           0 |           0 |           0 |           0 |           0 |           0 |           0 |           0 |           0 |           0 |           0 |           0 |           0 |           0 |           0 |           0 |           0 |           0 |           0 |           0 |           0 |           0 |           0 |           0 |      347417 |           0 |           0 |           0 |           0 |           0 |
| DATA_CACHE_REFILLS_ALL |   PMC3  |    66376559 |    73192072 |          0 |          0 |          0 |          0 |          0 |          0 |          0 |          0 |           0 |           0 |           0 |           0 |           0 |           0 |           0 |           0 |           0 |           0 |           0 |           0 |           0 |           0 |           0 |           0 |           0 |           0 |           0 |           0 |           0 |           0 |           0 |           0 |           0 |           0 |           0 |           0 |           0 |           0 |           0 |           0 |           0 |           0 |           0 |           0 |           0 |           0 |           0 |           0 |           0 |           0 |           0 |           0 |           0 |           0 |           0 |           0 |        9108 |           0 |           0 |           0 |           0 |           0 |
+------------------------+---------+-------------+-------------+------------+------------+------------+------------+------------+------------+------------+------------+-------------+-------------+-------------+-------------+-------------+-------------+-------------+-------------+-------------+-------------+-------------+-------------+-------------+-------------+-------------+-------------+-------------+-------------+-------------+-------------+-------------+-------------+-------------+-------------+-------------+-------------+-------------+-------------+-------------+-------------+-------------+-------------+-------------+-------------+-------------+-------------+-------------+-------------+-------------+-------------+-------------+-------------+-------------+-------------+-------------+-------------+-------------+-------------+-------------+-------------+-------------+-------------+-------------+-------------+

+-----------------------------+---------+-------------+-----+-------------+--------------+
|            Event            | Counter |     Sum     | Min |     Max     |      Avg     |
+-----------------------------+---------+-------------+-----+-------------+--------------+
|    ACTUAL_CPU_CLOCK STAT    |  FIXC1  |           0 |   0 |           0 |            0 |
|      MAX_CPU_CLOCK STAT     |  FIXC2  |           0 |   0 |           0 |            0 |
|  RETIRED_INSTRUCTIONS STAT  |   PMC0  | 76014890137 |   0 | 38022561119 | 1.187733e+09 |
|   CPU_CLOCKS_UNHALTED STAT  |   PMC1  | 29710264717 |   0 | 14867039216 | 4.642229e+08 |
|   DATA_CACHE_ACCESSES STAT  |   PMC2  | 31705585560 |   0 | 15860360347 | 4.953998e+08 |
| DATA_CACHE_REFILLS_ALL STAT |   PMC3  |   139577739 |   0 |    73192072 | 2.180902e+06 |
+-----------------------------+---------+-------------+-----+-------------+--------------+

+-------------------------+-------------+-------------+------------+------------+------------+------------+------------+------------+------------+------------+-------------+-------------+-------------+-------------+-------------+-------------+-------------+-------------+-------------+-------------+-------------+-------------+-------------+-------------+-------------+-------------+-------------+-------------+-------------+-------------+-------------+-------------+-------------+-------------+-------------+-------------+-------------+-------------+-------------+-------------+-------------+-------------+-------------+-------------+-------------+-------------+-------------+-------------+-------------+-------------+-------------+-------------+-------------+-------------+-------------+-------------+-------------+-------------+-------------+-------------+-------------+-------------+-------------+-------------+
|          Metric         |  HWThread 0 |  HWThread 1 | HWThread 2 | HWThread 3 | HWThread 4 | HWThread 5 | HWThread 6 | HWThread 7 | HWThread 8 | HWThread 9 | HWThread 10 | HWThread 11 | HWThread 12 | HWThread 13 | HWThread 14 | HWThread 15 | HWThread 16 | HWThread 17 | HWThread 18 | HWThread 19 | HWThread 20 | HWThread 21 | HWThread 22 | HWThread 23 | HWThread 24 | HWThread 25 | HWThread 26 | HWThread 27 | HWThread 28 | HWThread 29 | HWThread 30 | HWThread 31 | HWThread 32 | HWThread 33 | HWThread 34 | HWThread 35 | HWThread 36 | HWThread 37 | HWThread 38 | HWThread 39 | HWThread 40 | HWThread 41 | HWThread 42 | HWThread 43 | HWThread 44 | HWThread 45 | HWThread 46 | HWThread 47 | HWThread 48 | HWThread 49 | HWThread 50 | HWThread 51 | HWThread 52 | HWThread 53 | HWThread 54 | HWThread 55 | HWThread 56 | HWThread 57 | HWThread 58 | HWThread 59 | HWThread 60 | HWThread 61 | HWThread 62 | HWThread 63 |
+-------------------------+-------------+-------------+------------+------------+------------+------------+------------+------------+------------+------------+-------------+-------------+-------------+-------------+-------------+-------------+-------------+-------------+-------------+-------------+-------------+-------------+-------------+-------------+-------------+-------------+-------------+-------------+-------------+-------------+-------------+-------------+-------------+-------------+-------------+-------------+-------------+-------------+-------------+-------------+-------------+-------------+-------------+-------------+-------------+-------------+-------------+-------------+-------------+-------------+-------------+-------------+-------------+-------------+-------------+-------------+-------------+-------------+-------------+-------------+-------------+-------------+-------------+-------------+
|   Runtime (RDTSC) [s]   |      5.2645 |      5.2645 |     5.2645 |     5.2645 |     5.2645 |     5.2645 |     5.2645 |     5.2645 |     5.2645 |     5.2645 |      5.2645 |      5.2645 |      5.2645 |      5.2645 |      5.2645 |      5.2645 |      5.2645 |      5.2645 |      5.2645 |      5.2645 |      5.2645 |      5.2645 |      5.2645 |      5.2645 |      5.2645 |      5.2645 |      5.2645 |      5.2645 |      5.2645 |      5.2645 |      5.2645 |      5.2645 |      5.2645 |      5.2645 |      5.2645 |      5.2645 |      5.2645 |      5.2645 |      5.2645 |      5.2645 |      5.2645 |      5.2645 |      5.2645 |      5.2645 |      5.2645 |      5.2645 |      5.2645 |      5.2645 |      5.2645 |      5.2645 |      5.2645 |      5.2645 |      5.2645 |      5.2645 |      5.2645 |      5.2645 |      5.2645 |      5.2645 |      5.2645 |      5.2645 |      5.2645 |      5.2645 |      5.2645 |      5.2645 |
|   Runtime unhalted [s]  |           0 |           0 |          0 |          0 |          0 |          0 |          0 |          0 |          0 |          0 |           0 |           0 |           0 |           0 |           0 |           0 |           0 |           0 |           0 |           0 |           0 |           0 |           0 |           0 |           0 |           0 |           0 |           0 |           0 |           0 |           0 |           0 |           0 |           0 |           0 |           0 |           0 |           0 |           0 |           0 |           0 |           0 |           0 |           0 |           0 |           0 |           0 |           0 |           0 |           0 |           0 |           0 |           0 |           0 |           0 |           0 |           0 |           0 |           0 |           0 |           0 |           0 |           0 |           0 |
|       Clock [MHz]       |      -      |      -      |      -     |      -     |      -     |      -     |      -     |      -     |      -     |      -     |      -      |      -      |      -      |      -      |      -      |      -      |      -      |      -      |      -      |      -      |      -      |      -      |      -      |      -      |      -      |      -      |      -      |      -      |      -      |      -      |      -      |      -      |      -      |      -      |      -      |      -      |      -      |      -      |      -      |      -      |      -      |      -      |      -      |      -      |      -      |      -      |      -      |      -      |      -      |      -      |      -      |      -      |      -      |      -      |      -      |      -      |      -      |      -      |      -      |      -      |      -      |      -      |      -      |      -      |
|           CPI           |      0.3904 |      0.3913 |      -     |      -     |      -     |      -     |      -     |      -     |      -     |      -     |      -      |      -      |      -      |      -      |      -      |      -      |      -      |      -      |      -      |      -      |      -      |      -      |      -      |      -      |      -      |      -      |      -      |      -      |      -      |      -      |      -      |      -      |      -      |      -      |      -      |      -      |      -      |      -      |      -      |      -      |      -      |      -      |      -      |      -      |      -      |      -      |      -      |      -      |      -      |      -      |      -      |      -      |      -      |      -      |      -      |      -      |      -      |      -      |      1.2671 |      -      |      -      |      -      |      -      |      -      |
|   data cache requests   | 15860360347 | 15844877796 |          0 |          0 |          0 |          0 |          0 |          0 |          0 |          0 |           0 |           0 |           0 |           0 |           0 |           0 |           0 |           0 |           0 |           0 |           0 |           0 |           0 |           0 |           0 |           0 |           0 |           0 |           0 |           0 |           0 |           0 |           0 |           0 |           0 |           0 |           0 |           0 |           0 |           0 |           0 |           0 |           0 |           0 |           0 |           0 |           0 |           0 |           0 |           0 |           0 |           0 |           0 |           0 |           0 |           0 |           0 |           0 |      347417 |           0 |           0 |           0 |           0 |           0 |
| data cache request rate |      0.4171 |      0.4171 |      -     |      -     |      -     |      -     |      -     |      -     |      -     |      -     |      -      |      -      |      -      |      -      |      -      |      -      |      -      |      -      |      -      |      -      |      -      |      -      |      -      |      -      |      -      |      -      |      -      |      -      |      -      |      -      |      -      |      -      |      -      |      -      |      -      |      -      |      -      |      -      |      -      |      -      |      -      |      -      |      -      |      -      |      -      |      -      |      -      |      -      |      -      |      -      |      -      |      -      |      -      |      -      |      -      |      -      |      -      |      -      |      0.4099 |      -      |      -      |      -      |      -      |      -      |
|    data cache misses    |    66376559 |    73192072 |          0 |          0 |          0 |          0 |          0 |          0 |          0 |          0 |           0 |           0 |           0 |           0 |           0 |           0 |           0 |           0 |           0 |           0 |           0 |           0 |           0 |           0 |           0 |           0 |           0 |           0 |           0 |           0 |           0 |           0 |           0 |           0 |           0 |           0 |           0 |           0 |           0 |           0 |           0 |           0 |           0 |           0 |           0 |           0 |           0 |           0 |           0 |           0 |           0 |           0 |           0 |           0 |           0 |           0 |           0 |           0 |        9108 |           0 |           0 |           0 |           0 |           0 |
|   data cache miss rate  |      0.0017 |      0.0019 |      -     |      -     |      -     |      -     |      -     |      -     |      -     |      -     |      -      |      -      |      -      |      -      |      -      |      -      |      -      |      -      |      -      |      -      |      -      |      -      |      -      |      -      |      -      |      -      |      -      |      -      |      -      |      -      |      -      |      -      |      -      |      -      |      -      |      -      |      -      |      -      |      -      |      -      |      -      |      -      |      -      |      -      |      -      |      -      |      -      |      -      |      -      |      -      |      -      |      -      |      -      |      -      |      -      |      -      |      -      |      -      |      0.0107 |      -      |      -      |      -      |      -      |      -      |
|  data cache miss ratio  |      0.0042 |      0.0046 |      -     |      -     |      -     |      -     |      -     |      -     |      -     |      -     |      -      |      -      |      -      |      -      |      -      |      -      |      -      |      -      |      -      |      -      |      -      |      -      |      -      |      -      |      -      |      -      |      -      |      -      |      -      |      -      |      -      |      -      |      -      |      -      |      -      |      -      |      -      |      -      |      -      |      -      |      -      |      -      |      -      |      -      |      -      |      -      |      -      |      -      |      -      |      -      |      -      |      -      |      -      |      -      |      -      |      -      |      -      |      -      |      0.0262 |      -      |      -      |      -      |      -      |      -      |
+-------------------------+-------------+-------------+------------+------------+------------+------------+------------+------------+------------+------------+-------------+-------------+-------------+-------------+-------------+-------------+-------------+-------------+-------------+-------------+-------------+-------------+-------------+-------------+-------------+-------------+-------------+-------------+-------------+-------------+-------------+-------------+-------------+-------------+-------------+-------------+-------------+-------------+-------------+-------------+-------------+-------------+-------------+-------------+-------------+-------------+-------------+-------------+-------------+-------------+-------------+-------------+-------------+-------------+-------------+-------------+-------------+-------------+-------------+-------------+-------------+-------------+-------------+-------------+

+------------------------------+-------------+--------+-------------+--------------+
|            Metric            |     Sum     |   Min  |     Max     |      Avg     |
+------------------------------+-------------+--------+-------------+--------------+
|   Runtime (RDTSC) [s] STAT   |    336.9280 | 5.2645 |      5.2645 |       5.2645 |
|   Runtime unhalted [s] STAT  |           0 |      0 |           0 |            0 |
|       Clock [MHz] STAT       |           0 |   inf  |           0 |            0 |
|           CPI STAT           |      2.0488 | 0.3904 |      1.2671 |       0.0320 |
|   data cache requests STAT   | 31705585560 |      0 | 15860360347 | 4.953998e+08 |
| data cache request rate STAT |      1.2441 | 0.4099 |      0.4171 |       0.0194 |
|    data cache misses STAT    |   139577739 |      0 |    73192072 | 2.180902e+06 |
|   data cache miss rate STAT  |      0.0143 | 0.0017 |      0.0107 |       0.0002 |
|  data cache miss ratio STAT  |      0.0350 | 0.0042 |      0.0262 |       0.0005 |
+------------------------------+-------------+--------+-------------+--------------+

